# JRE version: Java(TM) SE Runtime Environment (21.0.4+8) (build 21.0.4+8-LTS-274)
# Java VM: Java HotSpot(TM) 64-Bit Server VM (21.0.4+8-LTS-274, mixed mode, emulated-client, sharing, tiered, compressed oops, compressed class ptrs, g1 gc, windows-amd64)
GC Precious Log:
 CardTable entry size: 512
 Card Set container configuration: InlinePtr #cards 4 size 8 Array Of Cards #cards 16 size 48 Howl #buckets 8 coarsen threshold 3686 Howl Bitmap #cards 512 size 80 coarsen threshold 460 Card regions per heap region 1 cards per card region 4096
 CPUs: 4 total, 4 available
 Memory: 16201M
 Large Page Support: Disabled
 NUMA Support: Disabled
 Compressed Oops: Enabled (Zero based)
 Heap Region Size: 2M
 Heap Min Capacity: 8M
 Heap Initial Capacity: 254M
 Heap Max Capacity: 4052M
 Pre-touch: Disabled
 Parallel Workers: 4
 Concurrent Workers: 1
 Concurrent Refinement Workers: 4
 Periodic GC: Disabled
Heap:
 garbage-first heap   total 90112K, used 66188K [0x0000000702c00000, 0x0000000800000000)
  region size 2048K, 20 young (40960K), 3 survivors (6144K)
 Metaspace       used 78879K, committed 79936K, reserved 1179648K
  class space    used 10696K, committed 11136K, reserved 1048576K
GC Heap History (20 events):
Event: 613.717 GC heap after
{Heap after GC invocations=66 (full 23):
 garbage-first heap   total 90112K, used 26441K [0x0000000702c00000, 0x0000000800000000)
  region size 2048K, 0 young (0K), 0 survivors (0K)
 Metaspace       used 76161K, committed 77056K, reserved 1179648K
  class space    used 10403K, committed 10816K, reserved 1048576K
}
Event: 614.266 GC heap before
{Heap before GC invocations=66 (full 23):
 garbage-first heap   total 90112K, used 69449K [0x0000000702c00000, 0x0000000800000000)
  region size 2048K, 22 young (45056K), 0 survivors (0K)
 Metaspace       used 76244K, committed 77120K, reserved 1179648K
  class space    used 10415K, committed 10816K, reserved 1048576K
}
Event: 614.270 GC heap after
{Heap after GC invocations=67 (full 23):
 garbage-first heap   total 90112K, used 32019K [0x0000000702c00000, 0x0000000800000000)
  region size 2048K, 3 young (6144K), 3 survivors (6144K)
 Metaspace       used 76244K, committed 77120K, reserved 1179648K
  class space    used 10415K, committed 10816K, reserved 1048576K
}
Event: 636.585 GC heap before
{Heap before GC invocations=67 (full 23):
 garbage-first heap   total 90112K, used 50451K [0x0000000702c00000, 0x0000000800000000)
  region size 2048K, 13 young (26624K), 3 survivors (6144K)
 Metaspace       used 76409K, committed 77312K, reserved 1179648K
  class space    used 10425K, committed 10816K, reserved 1048576K
}
Event: 636.641 GC heap after
{Heap after GC invocations=68 (full 24):
 garbage-first heap   total 90112K, used 26586K [0x0000000702c00000, 0x0000000800000000)
  region size 2048K, 0 young (0K), 0 survivors (0K)
 Metaspace       used 76406K, committed 77312K, reserved 1179648K
  class space    used 10424K, committed 10816K, reserved 1048576K
}
Event: 637.302 GC heap before
{Heap before GC invocations=68 (full 24):
 garbage-first heap   total 90112K, used 69594K [0x0000000702c00000, 0x0000000800000000)
  region size 2048K, 22 young (45056K), 0 survivors (0K)
 Metaspace       used 76499K, committed 77440K, reserved 1179648K
  class space    used 10438K, committed 10816K, reserved 1048576K
}
Event: 637.307 GC heap after
{Heap after GC invocations=69 (full 24):
 garbage-first heap   total 90112K, used 31755K [0x0000000702c00000, 0x0000000800000000)
  region size 2048K, 3 young (6144K), 3 survivors (6144K)
 Metaspace       used 76499K, committed 77440K, reserved 1179648K
  class space    used 10438K, committed 10816K, reserved 1048576K
}
Event: 655.318 GC heap before
{Heap before GC invocations=69 (full 24):
 garbage-first heap   total 90112K, used 50187K [0x0000000702c00000, 0x0000000800000000)
  region size 2048K, 13 young (26624K), 3 survivors (6144K)
 Metaspace       used 76663K, committed 77632K, reserved 1179648K
  class space    used 10447K, committed 10880K, reserved 1048576K
}
Event: 655.383 GC heap after
{Heap after GC invocations=70 (full 25):
 garbage-first heap   total 90112K, used 26831K [0x0000000702c00000, 0x0000000800000000)
  region size 2048K, 0 young (0K), 0 survivors (0K)
 Metaspace       used 76660K, committed 77632K, reserved 1179648K
  class space    used 10447K, committed 10880K, reserved 1048576K
}
Event: 655.923 GC heap before
{Heap before GC invocations=70 (full 25):
 garbage-first heap   total 90112K, used 69839K [0x0000000702c00000, 0x0000000800000000)
  region size 2048K, 22 young (45056K), 0 survivors (0K)
 Metaspace       used 76758K, committed 77696K, reserved 1179648K
  class space    used 10461K, committed 10880K, reserved 1048576K
}
Event: 655.929 GC heap after
{Heap after GC invocations=71 (full 25):
 garbage-first heap   total 90112K, used 31984K [0x0000000702c00000, 0x0000000800000000)
  region size 2048K, 3 young (6144K), 3 survivors (6144K)
 Metaspace       used 76758K, committed 77696K, reserved 1179648K
  class space    used 10461K, committed 10880K, reserved 1048576K
}
Event: 673.038 GC heap before
{Heap before GC invocations=71 (full 25):
 garbage-first heap   total 90112K, used 50416K [0x0000000702c00000, 0x0000000800000000)
  region size 2048K, 13 young (26624K), 3 survivors (6144K)
 Metaspace       used 77037K, committed 78016K, reserved 1179648K
  class space    used 10476K, committed 10880K, reserved 1048576K
}
Event: 673.099 GC heap after
{Heap after GC invocations=72 (full 26):
 garbage-first heap   total 90112K, used 27102K [0x0000000702c00000, 0x0000000800000000)
  region size 2048K, 0 young (0K), 0 survivors (0K)
 Metaspace       used 77034K, committed 78016K, reserved 1179648K
  class space    used 10476K, committed 10880K, reserved 1048576K
}
Event: 673.761 GC heap before
{Heap before GC invocations=72 (full 26):
 garbage-first heap   total 90112K, used 72158K [0x0000000702c00000, 0x0000000800000000)
  region size 2048K, 23 young (47104K), 0 survivors (0K)
 Metaspace       used 77211K, committed 78272K, reserved 1179648K
  class space    used 10491K, committed 10944K, reserved 1048576K
}
Event: 673.766 GC heap after
{Heap after GC invocations=73 (full 26):
 garbage-first heap   total 90112K, used 31825K [0x0000000702c00000, 0x0000000800000000)
  region size 2048K, 3 young (6144K), 3 survivors (6144K)
 Metaspace       used 77211K, committed 78272K, reserved 1179648K
  class space    used 10491K, committed 10944K, reserved 1048576K
}
Event: 676.452 GC heap before
{Heap before GC invocations=73 (full 26):
 garbage-first heap   total 90112K, used 46161K [0x0000000702c00000, 0x0000000800000000)
  region size 2048K, 11 young (22528K), 3 survivors (6144K)
 Metaspace       used 77278K, committed 78336K, reserved 1179648K
  class space    used 10496K, committed 10944K, reserved 1048576K
}
Event: 676.515 GC heap after
{Heap after GC invocations=74 (full 27):
 garbage-first heap   total 90112K, used 27008K [0x0000000702c00000, 0x0000000800000000)
  region size 2048K, 0 young (0K), 0 survivors (0K)
 Metaspace       used 77275K, committed 78336K, reserved 1179648K
  class space    used 10495K, committed 10944K, reserved 1048576K
}
Event: 677.041 GC heap before
{Heap before GC invocations=74 (full 27):
 garbage-first heap   total 90112K, used 70016K [0x0000000702c00000, 0x0000000800000000)
  region size 2048K, 22 young (45056K), 0 survivors (0K)
 Metaspace       used 77364K, committed 78400K, reserved 1179648K
  class space    used 10506K, committed 10944K, reserved 1048576K
}
Event: 677.046 GC heap after
{Heap after GC invocations=75 (full 27):
 garbage-first heap   total 90112K, used 32115K [0x0000000702c00000, 0x0000000800000000)
  region size 2048K, 3 young (6144K), 3 survivors (6144K)
 Metaspace       used 77364K, committed 78400K, reserved 1179648K
  class space    used 10506K, committed 10944K, reserved 1048576K
}
Event: 729.425 GC heap before
{Heap before GC invocations=75 (full 27):
 garbage-first heap   total 90112K, used 62835K [0x0000000702c00000, 0x0000000800000000)
  region size 2048K, 20 young (40960K), 3 survivors (6144K)
 Metaspace       used 78879K, committed 79936K, reserved 1179648K
  class space    used 10696K, committed 11136K, reserved 1048576K
}

